<scenario startTick="2016" endTick="2086" world="EU"
 version="NewScenarioRuns" 
 regionalisation="28"
  scenario="RCP4_5-SSP4">
  <capitals class="org.volante.abm.serialization.CSVCapitalLoader" file="C:\Users\byari-m\Documents\Data\data_EUpaper_nocsv\csv\Capitals.csv" indexed="true"/>
  <services class="org.volante.abm.serialization.CSVServiceLoader" file="C:\Users\byari-m\Documents\Data\data_EUpaper_nocsv\csv\Services.csv" indexed="true"/>
<outputs outputDirectory="C:\Users\byari-m\Documents\Data\Output_evolution\RCP4_5-SSP4"  filePattern="%s-%o" tickPattern="%s-%o-%y">
<!-- -->
    <output class="org.volante.abm.output.CellTable" perRegion="false" addRegion="false" addCellRegion="false" addServices="true" addCapitals="true" addCompetitiveness="true" addLandUseIndex="false" addLandUse="false" addAgent="true" addPreAllocCompetitiveness="false" addPreAllocLandUse="false" addGiThreshold="false" addPreAllocGuThreshold="false"  doubleFormat="0.000" startYear="2016" everyNYears="1"/> 
    <output class="org.volante.abm.output.AggregateAFTCompositionCSVOutputter" outputSums="true" perRegion="true" startYear="2016" everyNYears="1"/>
    <output class="org.volante.abm.output.AggregateAFTCompetitivenessCSVOutputter" perRegion="true" startYear="2016" everyNYears="1"/>
    <output class="org.volante.abm.output.AggregateDemandSupplyCSVOutputter" perRegion="true" startYear="2016" everyNYears="1"/>
    <output class="org.volante.abm.output.TakeoverCellOutputter" perRegion="true" everyNYears="1" filePerTick="false" addRegion="false"/>


  </outputs>
  
  <displays class="org.volante.abm.visualisation.NoModelDisplays"/>

   <worldLoaderFile>C:\Users\byari-m\Documents\Data\data_EUpaper_nocsv\xml\World_withoutSN_multiplicativeNoise_linearcompetition_new.xml</worldLoaderFile>

  </scenario>
